[landunited.com/index.html]
[backblue.gif]
[fade.gif]
[index.html]
[landunited.com/img/tw.jpg]
[landunited.com/img/fav/favicon-16x16.png]
[landunited.com/img/fav/favicon-32x32.png]
[landunited.com/img/fav/favicon-96x96.png]
[landunited.com/img/fav/favicon-192x192.png]
[landunited.com/img/fav/apple-touch-icon-57x57.png]
[landunited.com/img/fav/apple-touch-icon-152x152.png]
[landunited.com/img/fav/apple-touch-icon-180x180.png]
[cdn.jsdelivr.net/npm/font-awesome@4.7.0/css/font-awesome.min.css]
[landunited.com/island/style.css]
[landunited.com/sounds/passion-no-vocal.mp3]
[landunited.com/island/sebastian.glmatrix.js]
[landunited.com/island/index.js]
[landunited.com/index.html]
[wonderlandy.netlify.app/img/tw.html]
[landunited.com/js/share.js]
[cdn.jsdelivr.net/npm/font-awesome@4.7.0/css/font-awesome.min.css]
[landunited.com/island/style.css]
